<?xml version="1.0" encoding="UTF-8"?>
<testng-results skipped="0" failed="0" total="2" passed="2">
  <reporter-output>
  </reporter-output>
  <suite name="Default suite" duration-ms="31660" started-at="2014-04-17T06:06:27Z" finished-at="2014-04-17T06:06:59Z">
    <groups>
    </groups>
    <test name="Default test" duration-ms="31660" started-at="2014-04-17T06:06:27Z" finished-at="2014-04-17T06:06:59Z">
      <class name="test.MaxaeroLoginTest">
        <test-method status="PASS" signature="testLogin()[pri:0, instance:test.MaxaeroLoginTest@713f85de]" name="testLogin" duration-ms="16025" started-at="2014-04-16T23:06:27Z" description="log and test loged user" finished-at="2014-04-16T23:06:43Z">
          <reporter-output>
          </reporter-output>
        </test-method> <!-- testLogin -->
        <test-method status="PASS" signature="testLoginAndTitle()[pri:0, instance:test.MaxaeroLoginTest@713f85de]" name="testLoginAndTitle" duration-ms="15611" started-at="2014-04-16T23:06:43Z" description="log and test page title" finished-at="2014-04-16T23:06:59Z">
          <reporter-output>
          </reporter-output>
        </test-method> <!-- testLoginAndTitle -->
      </class> <!-- test.MaxaeroLoginTest -->
    </test> <!-- Default test -->
  </suite> <!-- Default suite -->
</testng-results>
